<?xml version="1.0" encoding="UTF-8"?>
<!-- Generated by org.testng.reporters.JUnitReportReporter -->
<testsuite hostname="LTIN620077" failures="0" tests="1" name="testCases.T003_corporateWellness" time="26.840" errors="0" timestamp="2025-07-16T13:56:08 IST" skipped="0">
  <testcase classname="testCases.T003_corporateWellness" name="fillDetails" time="26.840"/>
</testsuite> <!-- testCases.T003_corporateWellness -->
