<?xml version="1.0" encoding="UTF-8"?>
<!-- Generated by org.testng.reporters.JUnitReportReporter -->
<testsuite hostname="LTIN619354" failures="0" tests="1" name="testCases.TC00X_GetTopCities" time="4.368" errors="0" timestamp="2025-07-03T15:21:43 IST" skipped="0">
  <testcase classname="testCases.TC00X_GetTopCities" name="getTopCities" time="4.368"/>
</testsuite> <!-- testCases.TC00X_GetTopCities -->
