<?xml version="1.0" encoding="UTF-8"?>
<!-- Generated by org.testng.reporters.JUnitReportReporter -->
<testsuite hostname="LTIN620077" failures="0" tests="1" name="testCases.T001_homePage" time="53.695" errors="0" timestamp="2025-07-04T09:25:47 IST" skipped="0">
  <testcase classname="testCases.T001_homePage" name="getResult" time="53.695"/>
</testsuite> <!-- testCases.T001_homePage -->
