<?xml version="1.0" encoding="UTF-8"?>
<!-- Generated by org.testng.reporters.JUnitReportReporter -->
<testsuite hostname="LTIN450058" failures="0" tests="1" name="testCases.T001_homePage" time="47.156" errors="0" timestamp="2025-07-03T10:18:15 IST" skipped="0">
  <testcase classname="testCases.T001_homePage" name="getResult" time="47.156"/>
</testsuite> <!-- testCases.T001_homePage -->
