<?xml version="1.0" encoding="UTF-8"?>
<!-- Generated by org.testng.reporters.JUnitReportReporter -->
<testsuite hostname="LTIN450058" failures="0" tests="1" name="testCases.TC00X_GetTopCities" time="19.482" errors="0" timestamp="2025-07-03T10:18:15 IST" skipped="0">
  <testcase classname="testCases.TC00X_GetTopCities" name="getTopCities" time="19.482"/>
</testsuite> <!-- testCases.TC00X_GetTopCities -->
