<?xml version="1.0" encoding="UTF-8"?>
<!-- Generated by org.testng.reporters.JUnitReportReporter -->
<testsuite hostname="LTIN620095" failures="0" tests="1" name="testCases.T001_homePage" time="37.553" errors="0" timestamp="2025-07-03T10:10:39 IST" skipped="0">
  <testcase classname="testCases.T001_homePage" name="getResult" time="37.553"/>
</testsuite> <!-- testCases.T001_homePage -->
