<?xml version="1.0" encoding="UTF-8"?>
<!-- Generated by org.testng.reporters.JUnitReportReporter -->
<testsuite hostname="LTIN619354" failures="0" tests="1" name="testCases.T001_homePage" time="65.374" errors="0" timestamp="2025-07-03T15:21:43 IST" skipped="0">
  <testcase classname="testCases.T001_homePage" name="getResult" time="65.374"/>
</testsuite> <!-- testCases.T001_homePage -->
