<?xml version="1.0" encoding="UTF-8"?>
<!-- Generated by org.testng.reporters.JUnitReportReporter -->
<testsuite hostname="LTIN620077" failures="0" tests="1" name="testCases.TC00X_WriteExcelTopCities" time="2.612" errors="0" timestamp="2025-07-04T09:25:47 IST" skipped="0">
  <testcase classname="testCases.TC00X_WriteExcelTopCities" name="writeExcelData" time="2.612"/>
</testsuite> <!-- testCases.TC00X_WriteExcelTopCities -->
