<?xml version="1.0" encoding="UTF-8"?>
<!-- Generated by org.testng.reporters.JUnitReportReporter -->
<testsuite hostname="LTIN620077" failures="0" tests="1" name="testCases.TC00X_GetTopCities" time="4.086" errors="0" timestamp="2025-07-04T09:25:47 IST" skipped="0">
  <testcase classname="testCases.TC00X_GetTopCities" name="getTopCities" time="4.086"/>
</testsuite> <!-- testCases.TC00X_GetTopCities -->
