<?xml version="1.0" encoding="UTF-8"?>
<!-- Generated by org.testng.reporters.JUnitReportReporter -->
<testsuite hostname="LTIN620095" failures="0" tests="1" name="testCases.TC00X_GetTopCities" time="32.438" errors="0" timestamp="2025-07-03T10:10:39 IST" skipped="0">
  <testcase classname="testCases.TC00X_GetTopCities" name="getTopCities" time="32.438"/>
</testsuite> <!-- testCases.TC00X_GetTopCities -->
