<?xml version="1.0" encoding="UTF-8"?>
<!-- Generated by org.testng.reporters.JUnitReportReporter -->
<testsuite hostname="LTIN619354" failures="0" tests="1" name="testCases.T003_corporateWellness" time="7.441" errors="0" timestamp="2025-07-03T15:21:43 IST" skipped="0">
  <testcase classname="testCases.T003_corporateWellness" name="fillDetails" time="7.441"/>
</testsuite> <!-- testCases.T003_corporateWellness -->
